[20:30:01] [main/INFO]: Setting user: Player608
[20:30:01] [Client thread/INFO]: LWJGL Version: 2.9.1
[20:30:08] [Client thread/INFO]: Reloading ResourceManager: Default, FMLFileResourcePack:Forge Mod Loader, FMLFileResourcePack:Minecraft Forge, FMLFileResourcePack:IC2NuclearScience, FMLFileResourcePack:IndustrialCraft 2
[20:30:11] [Sound Library Loader/INFO]: Sound engine started
[20:30:11] [Client thread/INFO]: Created: 16x16 textures/blocks-atlas
[20:30:11] [Client thread/INFO]: Created: 16x16 textures/items-atlas
[20:30:11] [Client thread/INFO]: Reloading ResourceManager: Default, FMLFileResourcePack:Forge Mod Loader, FMLFileResourcePack:Minecraft Forge, FMLFileResourcePack:IC2NuclearScience, FMLFileResourcePack:IndustrialCraft 2
[20:30:13] [Client thread/INFO]: Created: 1024x512 textures/blocks-atlas
[20:30:13] [Client thread/INFO]: Created: 512x512 textures/items-atlas
[20:30:14] [Sound Library Loader/INFO]: Sound engine started
[20:30:17] [Server thread/INFO]: Starting integrated minecraft server version 1.7.10
[20:30:17] [Server thread/INFO]: Generating keypair
[20:30:17] [Server thread/INFO]: Preparing start region for level 0
[20:30:18] [Server thread/INFO]: Changing view distance to 12, from 10
[20:30:18] [Server thread/INFO]: Player608[local:E:bc4b2ef3] logged in with entity id 415 at (241.30000001192093, 71.0, 252.49835785012505)
[20:30:18] [Server thread/INFO]: Player608 joined the game
[20:30:26] [Server thread/INFO]: Saving and pausing game...
[20:30:26] [Server thread/INFO]: Saving chunks for level 'New World'/Overworld
[20:30:26] [Server thread/INFO]: Saving chunks for level 'New World'/Nether
[20:30:26] [Server thread/INFO]: Saving chunks for level 'New World'/The End
[20:30:27] [Server thread/INFO]: Stopping server
[20:30:27] [Server thread/INFO]: Saving players
[20:30:27] [Server thread/INFO]: Saving worlds
[20:30:27] [Server thread/INFO]: Saving chunks for level 'New World'/Overworld
[20:30:27] [Server thread/INFO]: Saving chunks for level 'New World'/Nether
[20:30:27] [Server thread/INFO]: Saving chunks for level 'New World'/The End
[20:30:29] [Client thread/INFO]: Stopping!
